Starting project at /workspace/DoneDeal_v2.4.1_PickerFix/DoneDeal
Starting Metro Bundler
The following packages should be updated for best compatibility with the installed expo version:
  @react-native-async-storage/async-storage@2.2.0 - expected version: 2.1.2
  react-native-gesture-handler@2.27.1 - expected version: ~2.24.0
  react-native-safe-area-context@5.5.2 - expected version: 5.4.0
  react-native-screens@4.13.1 - expected version: ~4.11.1
Your project may not work correctly until you install the expected versions of the packages.
Waiting on http://localhost:12000
/workspace/DoneDeal_v2.4.1_PickerFix/DoneDeal/node_modules/@expo/cli/build/src/utils/errors.js:130
    throw error;
    ^

Error: spawn xdg-open ENOENT
    at Process.ChildProcess._handle.onexit (node:internal/child_process:285:19)
    at onErrorNT (node:internal/child_process:483:16)
    at processTicksAndRejections (node:internal/process/task_queues:90:21)
Emitted 'error' event on ChildProcess instance at:
    at Process.ChildProcess._handle.onexit (node:internal/child_process:291:12)
    at onErrorNT (node:internal/child_process:483:16)
    at processTicksAndRejections (node:internal/process/task_queues:90:21) {
  errno: -2,
  code: 'ENOENT',
  syscall: 'spawn xdg-open',
  path: 'xdg-open',
  spawnargs: [ 'http://localhost:12000' ]
}

Node.js v22.17.0
